[INFO][23-03-14][UserMapperTest][INFO]Enter function
[DEBUG][23-03-14][UserMapperTest][DEBUG]Enter debug
[ERROR][23-03-14][UserMapperTest][ERROR]Enter error
[INFO][I LOVE HLT][23-03-14][UserMapperTest][INFO]Enter function
[DEBUG][I LOVE HLT][23-03-14][UserMapperTest][DEBUG]Enter debug
[ERROR][I LOVE HLT][23-03-14][UserMapperTest][ERROR]Enter error
[DEBUG][I LOVE HLT][23-03-16][org.apache.ibatis.logging.LogFactory]Logging initialized using 'class org.apache.ibatis.logging.log4j.Log4jImpl' adapter.
[DEBUG][I LOVE HLT][23-03-16][org.apache.ibatis.logging.LogFactory]Logging initialized using 'class org.apache.ibatis.logging.log4j.Log4jImpl' adapter.
[DEBUG][I LOVE HLT][23-03-16][org.apache.ibatis.datasource.pooled.PooledDataSource]PooledDataSource forcefully closed/removed all connections.
[DEBUG][I LOVE HLT][23-03-16][org.apache.ibatis.datasource.pooled.PooledDataSource]PooledDataSource forcefully closed/removed all connections.
[DEBUG][I LOVE HLT][23-03-16][org.apache.ibatis.datasource.pooled.PooledDataSource]PooledDataSource forcefully closed/removed all connections.
[DEBUG][I LOVE HLT][23-03-16][org.apache.ibatis.datasource.pooled.PooledDataSource]PooledDataSource forcefully closed/removed all connections.
[DEBUG][I LOVE HLT][23-03-16][org.apache.ibatis.transaction.jdbc.JdbcTransaction]Opening JDBC Connection
[DEBUG][I LOVE HLT][23-03-16][org.apache.ibatis.datasource.pooled.PooledDataSource]Created connection 1212191909.
[DEBUG][I LOVE HLT][23-03-16][org.apache.ibatis.transaction.jdbc.JdbcTransaction]Setting autocommit to false on JDBC Connection [com.mysql.cj.jdbc.ConnectionImpl@484094a5]
[DEBUG][I LOVE HLT][23-03-16][top.novashen.dao.UserMapper.getUserById]==>  Preparing: select * from user where id = ?
[DEBUG][I LOVE HLT][23-03-16][top.novashen.dao.UserMapper.getUserById]==> Parameters: 1(Integer)
[DEBUG][I LOVE HLT][23-03-16][top.novashen.dao.UserMapper.getUserById]<==      Total: 1
[DEBUG][I LOVE HLT][23-03-16][org.apache.ibatis.transaction.jdbc.JdbcTransaction]Resetting autocommit to true on JDBC Connection [com.mysql.cj.jdbc.ConnectionImpl@484094a5]
[DEBUG][I LOVE HLT][23-03-16][org.apache.ibatis.transaction.jdbc.JdbcTransaction]Closing JDBC Connection [com.mysql.cj.jdbc.ConnectionImpl@484094a5]
[DEBUG][I LOVE HLT][23-03-16][org.apache.ibatis.datasource.pooled.PooledDataSource]Returned connection 1212191909 to pool.
[DEBUG][I LOVE HLT][23-03-16][org.apache.ibatis.logging.LogFactory]Logging initialized using 'class org.apache.ibatis.logging.log4j.Log4jImpl' adapter.
[DEBUG][I LOVE HLT][23-03-16][org.apache.ibatis.logging.LogFactory]Logging initialized using 'class org.apache.ibatis.logging.log4j.Log4jImpl' adapter.
[DEBUG][I LOVE HLT][23-03-16][org.apache.ibatis.datasource.pooled.PooledDataSource]PooledDataSource forcefully closed/removed all connections.
[DEBUG][I LOVE HLT][23-03-16][org.apache.ibatis.logging.LogFactory]Logging initialized using 'class org.apache.ibatis.logging.log4j.Log4jImpl' adapter.
[DEBUG][I LOVE HLT][23-03-16][org.apache.ibatis.logging.LogFactory]Logging initialized using 'class org.apache.ibatis.logging.log4j.Log4jImpl' adapter.
[DEBUG][I LOVE HLT][23-03-16][org.apache.ibatis.datasource.pooled.PooledDataSource]PooledDataSource forcefully closed/removed all connections.
[DEBUG][I LOVE HLT][23-03-16][org.apache.ibatis.logging.LogFactory]Logging initialized using 'class org.apache.ibatis.logging.log4j.Log4jImpl' adapter.
[DEBUG][I LOVE HLT][23-03-16][org.apache.ibatis.logging.LogFactory]Logging initialized using 'class org.apache.ibatis.logging.log4j.Log4jImpl' adapter.
[DEBUG][I LOVE HLT][23-03-16][org.apache.ibatis.datasource.pooled.PooledDataSource]PooledDataSource forcefully closed/removed all connections.
[DEBUG][I LOVE HLT][23-03-16][org.apache.ibatis.datasource.pooled.PooledDataSource]PooledDataSource forcefully closed/removed all connections.
[DEBUG][I LOVE HLT][23-03-16][org.apache.ibatis.datasource.pooled.PooledDataSource]PooledDataSource forcefully closed/removed all connections.
[DEBUG][I LOVE HLT][23-03-16][org.apache.ibatis.datasource.pooled.PooledDataSource]PooledDataSource forcefully closed/removed all connections.
[DEBUG][I LOVE HLT][23-03-16][org.apache.ibatis.transaction.jdbc.JdbcTransaction]Opening JDBC Connection
[DEBUG][I LOVE HLT][23-03-16][org.apache.ibatis.datasource.pooled.PooledDataSource]Created connection 1424482154.
[DEBUG][I LOVE HLT][23-03-16][org.apache.ibatis.transaction.jdbc.JdbcTransaction]Setting autocommit to false on JDBC Connection [com.mysql.cj.jdbc.ConnectionImpl@54e7df6a]
[DEBUG][I LOVE HLT][23-03-16][top.novashen.dao.UserMapper.getUserById]==>  Preparing: select * from user where id = ?
[DEBUG][I LOVE HLT][23-03-16][top.novashen.dao.UserMapper.getUserById]==> Parameters: 1(Integer)
[DEBUG][I LOVE HLT][23-03-16][top.novashen.dao.UserMapper.getUserById]<==      Total: 1
[DEBUG][I LOVE HLT][23-03-16][org.apache.ibatis.transaction.jdbc.JdbcTransaction]Resetting autocommit to true on JDBC Connection [com.mysql.cj.jdbc.ConnectionImpl@54e7df6a]
[DEBUG][I LOVE HLT][23-03-16][org.apache.ibatis.transaction.jdbc.JdbcTransaction]Closing JDBC Connection [com.mysql.cj.jdbc.ConnectionImpl@54e7df6a]
[DEBUG][I LOVE HLT][23-03-16][org.apache.ibatis.datasource.pooled.PooledDataSource]Returned connection 1424482154 to pool.
[DEBUG][I LOVE HLT][23-03-16][org.apache.ibatis.logging.LogFactory]Logging initialized using 'class org.apache.ibatis.logging.log4j.Log4jImpl' adapter.
[DEBUG][I LOVE HLT][23-03-16][org.apache.ibatis.logging.LogFactory]Logging initialized using 'class org.apache.ibatis.logging.log4j.Log4jImpl' adapter.
[DEBUG][I LOVE HLT][23-03-16][org.apache.ibatis.datasource.pooled.PooledDataSource]PooledDataSource forcefully closed/removed all connections.
[DEBUG][I LOVE HLT][23-03-16][org.apache.ibatis.datasource.pooled.PooledDataSource]PooledDataSource forcefully closed/removed all connections.
[DEBUG][I LOVE HLT][23-03-16][org.apache.ibatis.datasource.pooled.PooledDataSource]PooledDataSource forcefully closed/removed all connections.
[DEBUG][I LOVE HLT][23-03-16][org.apache.ibatis.datasource.pooled.PooledDataSource]PooledDataSource forcefully closed/removed all connections.
[DEBUG][I LOVE HLT][23-03-16][org.apache.ibatis.transaction.jdbc.JdbcTransaction]Opening JDBC Connection
[DEBUG][I LOVE HLT][23-03-16][org.apache.ibatis.datasource.pooled.PooledDataSource]Created connection 1424482154.
[DEBUG][I LOVE HLT][23-03-16][org.apache.ibatis.transaction.jdbc.JdbcTransaction]Setting autocommit to false on JDBC Connection [com.mysql.cj.jdbc.ConnectionImpl@54e7df6a]
[DEBUG][I LOVE HLT][23-03-16][top.novashen.dao.UserMapper.getUserById]==>  Preparing: select * from user where id = ?
[DEBUG][I LOVE HLT][23-03-16][top.novashen.dao.UserMapper.getUserById]==> Parameters: 1(Integer)
[DEBUG][I LOVE HLT][23-03-16][top.novashen.dao.UserMapper.getUserById]<==      Total: 1
[DEBUG][I LOVE HLT][23-03-16][org.apache.ibatis.transaction.jdbc.JdbcTransaction]Resetting autocommit to true on JDBC Connection [com.mysql.cj.jdbc.ConnectionImpl@54e7df6a]
[DEBUG][I LOVE HLT][23-03-16][org.apache.ibatis.transaction.jdbc.JdbcTransaction]Closing JDBC Connection [com.mysql.cj.jdbc.ConnectionImpl@54e7df6a]
[DEBUG][I LOVE HLT][23-03-16][org.apache.ibatis.datasource.pooled.PooledDataSource]Returned connection 1424482154 to pool.
